-------------------------------------------------------------------------------
Test set: com.rezourcessched.rez.testcontroller.FetchResourceTest
-------------------------------------------------------------------------------
Tests run: 1, Failures: 0, Errors: 1, Skipped: 0, Time elapsed: 0.21 s <<< FAILURE! - in com.rezourcessched.rez.testcontroller.FetchResourceTest
com.rezourcessched.rez.testcontroller.FetchResourceTest  Time elapsed: 0.209 s  <<< ERROR!
java.lang.IllegalStateException: Unable to find a @SpringBootConfiguration, you need to use @ContextConfiguration or @SpringBootTest(classes=...) with your test

